<?xml version="1.0" encoding="UTF-8"?>
<!-- Generated by org.testng.reporters.JUnitReportReporter -->
<testsuite skipped="0" hostname="DESKTOP-HEG711J" name="api.testcases.TestCreateBooking" tests="2" failures="0" timestamp="2022-11-26T09:35:59 PST" time="11.345" errors="0">
  <testcase name="createBookingByReadingJsonFile" time="1.567" classname="api.testcases.TestCreateBooking"/>
  <system-out/>
  <testcase name="createBookingByPoJo" time="9.778" classname="api.testcases.TestCreateBooking"/>
  <system-out/>
</testsuite> <!-- api.testcases.TestCreateBooking -->
