<?xml version="1.0" encoding="UTF-8"?>
<!-- Generated by org.testng.reporters.JUnitReportReporter -->
<testsuite skipped="0" hostname="DESKTOP-HEG711J" name="api.testcases.TestGetBooking" tests="1" failures="0" timestamp="2022-11-26T09:35:59 PST" time="1.464" errors="0">
  <testcase name="getBookingByPoJo" time="1.464" classname="api.testcases.TestGetBooking"/>
  <system-out/>
</testsuite> <!-- api.testcases.TestGetBooking -->
