<?xml version="1.0" encoding="UTF-8"?>
<!-- Generated by org.testng.reporters.JUnitReportReporter -->
<testsuite skipped="0" hostname="DESKTOP-HEG711J" name="ui.testcases.TestAmazonFilterSearch" tests="1" failures="0" timestamp="2022-11-26T09:35:59 PST" time="67.688" errors="0">
  <testcase name="filterPriceTest" time="67.688" classname="ui.testcases.TestAmazonFilterSearch"/>
  <system-out/>
</testsuite> <!-- ui.testcases.TestAmazonFilterSearch -->
